<?xml version="1.0" encoding="utf-8"?><testsuites name="pytest tests"><testsuite name="pytest" errors="0" failures="0" skipped="0" tests="13" time="3.753" timestamp="2026-07-01T09:16:05.051865+00:00" hostname="agent-env-e86e2a49-89e7-46a0-a154-71328917d7cd"><testcase classname="tests.test_scan_and_agent.TestExports" name="test_files_export_csv" time="0.374" /><testcase classname="tests.test_scan_and_agent.TestScan" name="test_batch_duplicate_label_correct" time="0.363" /><testcase classname="tests.test_scan_and_agent.TestExports" name="test_files_export_json" time="0.035" /><testcase classname="tests.test_scan_and_agent.TestScan" name="test_bulk_insert_many_unique" time="2.407" /><testcase classname="tests.test_scan_and_agent.TestExports" name="test_apps_export_csv" time="0.110" /><testcase classname="tests.test_scan_and_agent.TestExports" name="test_apps_export_json" time="0.077" /><testcase classname="tests.test_scan_and_agent.TestAgentScript" name="test_agent_script_contains_new_flags" time="0.070" /><testcase classname="tests.test_scan_and_agent.TestAgentScript" name="test_agent_script_backend_replacement" time="0.031" /><testcase classname="tests.test_scan_and_agent.TestUploadRegression" name="test_upload_and_duplicate" time="0.211" /><testcase classname="tests.test_scan_and_agent.TestAppsRegression" name="test_apps_crud" time="0.345" /><testcase classname="tests.test_scan_and_agent.TestScan" name="test_scan_new_plus_vault_match" time="0.336" /><testcase classname="tests.test_scan_and_agent" name="test_root" time="0.073" /><testcase classname="tests.test_scan_and_agent" name="test_stats_has_by_category" time="0.077" /></testsuite></testsuites>