<?xml version="1.0" encoding="utf-8"?><testsuites name="pytest tests"><testsuite name="pytest" errors="0" failures="0" skipped="0" tests="23" time="3.899" timestamp="2026-07-01T09:38:13.615792+00:00" hostname="agent-env-e86e2a49-89e7-46a0-a154-71328917d7cd"><testcase classname="tests.test_scan_and_agent.TestExports" name="test_files_export_csv" time="0.435" /><testcase classname="tests.test_scan_and_agent.TestDuplicatesRegistry" name="test_scan_persists_batch_duplicate" time="0.445" /><testcase classname="tests.test_scan_and_agent.TestExports" name="test_files_export_json" time="0.080" /><testcase classname="tests.test_scan_and_agent.TestDuplicatesRegistry" name="test_upload_dup_persists_upload_duplicate" time="0.344" /><testcase classname="tests.test_scan_and_agent.TestExports" name="test_apps_export_csv" time="0.154" /><testcase classname="tests.test_scan_and_agent.TestExports" name="test_apps_export_json" time="0.076" /><testcase classname="tests.test_scan_and_agent.TestScan" name="test_batch_duplicate_label_correct" time="0.243" /><testcase classname="tests.test_scan_and_agent.TestDuplicatesRegistry" name="test_duplicates_filters_and_stats" time="0.844" /><testcase classname="tests.test_scan_and_agent.TestScan" name="test_bulk_insert_many_unique" time="1.974" /><testcase classname="tests.test_scan_and_agent.TestDuplicatesRegistry" name="test_reclaim_script_posix" time="0.414" /><testcase classname="tests.test_scan_and_agent.TestDuplicatesRegistry" name="test_reclaim_script_windows" time="0.393" /><testcase classname="tests.test_scan_and_agent.TestDuplicatesRegistry" name="test_script_404_on_missing" time="0.095" /><testcase classname="tests.test_scan_and_agent.TestAgentScript" name="test_agent_script_contains_new_flags" time="0.041" /><testcase classname="tests.test_scan_and_agent.TestAgentScript" name="test_agent_script_backend_replacement" time="0.060" /><testcase classname="tests.test_scan_and_agent.TestStreamingExports" name="test_files_export_json_streams_array" time="0.097" /><testcase classname="tests.test_scan_and_agent.TestStreamingExports" name="test_files_export_csv_streams" time="0.032" /><testcase classname="tests.test_scan_and_agent.TestUploadRegression" name="test_upload_and_duplicate" time="0.240" /><testcase classname="tests.test_scan_and_agent.TestScan" name="test_scan_new_plus_vault_match" time="0.323" /><testcase classname="tests.test_scan_and_agent.TestAppsRegression" name="test_apps_crud" time="0.323" /><testcase classname="tests.test_scan_and_agent" name="test_root" time="0.035" /><testcase classname="tests.test_scan_and_agent" name="test_stats_has_by_category" time="0.097" /><testcase classname="tests.test_scan_and_agent.TestCORS" name="test_preflight_no_credentials_when_wildcard" time="0.012" /><testcase classname="tests.test_scan_and_agent.TestAgentWatchMtime" name="test_watch_tracks_mtime" time="0.032" /></testsuite></testsuites>